<?xml version="1.0" encoding="UTF-8"?>
<!-- Generated by org.testng.reporters.JUnitReportReporter -->
<testsuite skipped="0" hostname="aniroy-mn2.linkedin.biz" name="com.qa.ndtv.weather.TemperatureTest" tests="2" failures="0" timestamp="2020-09-13T13:56:59 IST" time="85.559" errors="0">
  <testcase name="testTemperature" time="42.557" classname="com.qa.ndtv.weather.TemperatureTest"/>
  <testcase name="testTemperature" time="43.002" classname="com.qa.ndtv.weather.TemperatureTest"/>
</testsuite> <!-- com.qa.ndtv.weather.TemperatureTest -->
